#-----------------------------------------------------------
# PlanAhead v14.7 (64-bit)
# Build 321239 by xbuild on Fri Sep 27 19:29:51 MDT 2013
# Start of session at: Sun Apr 03 20:47:07 2016
# Process ID: 8680
# Log file: E:/Courses/FPGA/LabEEfin/rhythmMaster/planAhead_run_3/planAhead.log
# Journal file: E:/Courses/FPGA/LabEEfin/rhythmMaster/planAhead_run_3/planAhead.jou
#-----------------------------------------------------------
INFO: [Common 17-78] Attempting to get a license: PlanAhead
INFO: [Common 17-290] Got license for PlanAhead
INFO: [Device 21-36] Loading parts and site information from C:/Xilinx/14.7/ISE_DS/PlanAhead/data/parts/arch.xml
Parsing RTL primitives file [C:/Xilinx/14.7/ISE_DS/PlanAhead/data/parts/xilinx/rtl/prims/rtl_prims.xml]
Finished parsing RTL primitives file [C:/Xilinx/14.7/ISE_DS/PlanAhead/data/parts/xilinx/rtl/prims/rtl_prims.xml]
start_gui
source E:/Courses/FPGA/LabEEfin/rhythmMaster/pa.fromHdl.tcl
# create_project -name rhythmMaster -dir "E:/Courses/FPGA/LabEEfin/rhythmMaster/planAhead_run_3" -part xc3s100ecp132-5
# set_param project.pinAheadLayout yes
# set srcset [get_property srcset [current_run -impl]]
# set_property target_constrs_file "freDiv.ucf" [current_fileset -constrset]
Adding file 'E:/Courses/FPGA/LabEEfin/rhythmMaster/freDiv.ucf' to fileset 'constrs_1'
# set hdlfile [add_files [list {beepDri.v}]]
# set_property file_type Verilog $hdlfile
# set_property library work $hdlfile
# set_property top beepDri $srcset
# add_files [list {freDiv.ucf}] -fileset [get_property constrset [current_run]]
# open_rtl_design -part xc3s100ecp132-5
Using Verific elaboration
Parsing VHDL file "C:/Xilinx/14.7/ISE_DS/PlanAhead/data/parts/xilinx/rtl/lib/synplify/synattr.vhd" into library synplify
Analyzing Verilog file "E:/Courses/FPGA/LabEEfin/rhythmMaster/beepDri.v" into library work
INFO: [Designutils 20-910] Reading macro library C:/Xilinx/14.7/ISE_DS/PlanAhead/data\./parts/xilinx/spartan3e/spartan3e/hd_int_macros.edn
Parsing EDIF File [C:/Xilinx/14.7/ISE_DS/PlanAhead/data\./parts/xilinx/spartan3e/spartan3e/hd_int_macros.edn]
Finished Parsing EDIF File [C:/Xilinx/14.7/ISE_DS/PlanAhead/data\./parts/xilinx/spartan3e/spartan3e/hd_int_macros.edn]
Loading clock regions from C:/Xilinx/14.7/ISE_DS/PlanAhead/data\parts/xilinx/spartan3e/spartan3e/xc3s100e/ClockRegion.xml
Loading clock buffers from C:/Xilinx/14.7/ISE_DS/PlanAhead/data\parts/xilinx/spartan3e/spartan3e/xc3s100e/ClockBuffers.xml
Loading package from C:/Xilinx/14.7/ISE_DS/PlanAhead/data\parts/xilinx/spartan3e/spartan3e/xc3s100e/cp132/Package.xml
Loading io standards from C:/Xilinx/14.7/ISE_DS/PlanAhead/data\./parts/xilinx/spartan3e/IOStandards.xml
INFO: [Device 21-19] Loading pkg sso from C:/Xilinx/14.7/ISE_DS/PlanAhead/data\parts/xilinx/spartan3e/spartan3e/xc3s100e/cp132/SSORules.xml
Loading list of drcs for the architecture : C:/Xilinx/14.7/ISE_DS/PlanAhead/data\./parts/xilinx/spartan3e/spartan3e/drc.xml
INFO: [Timing 38-77] Reading timing library C:/Xilinx/14.7/ISE_DS/PlanAhead/data\parts/xilinx/spartan3e/spartan3e/spartan3e-5.lib.
INFO: [Timing 38-34] Done reading timing library C:/Xilinx/14.7/ISE_DS/PlanAhead/data\parts/xilinx/spartan3e/spartan3e/spartan3e-5.lib.
Parsing UCF File [E:/Courses/FPGA/LabEEfin/rhythmMaster/freDiv.ucf]
CRITICAL WARNING: [Constraints 18-11] Could not find net or pin 'CLK_05' [E:/Courses/FPGA/LabEEfin/rhythmMaster/freDiv.ucf:5]
CRITICAL WARNING: [Constraints 18-11] Could not find net or pin 'CLK_1' [E:/Courses/FPGA/LabEEfin/rhythmMaster/freDiv.ucf:6]
CRITICAL WARNING: [Constraints 18-11] Could not find net or pin 'CLK_50' [E:/Courses/FPGA/LabEEfin/rhythmMaster/freDiv.ucf:8]
CRITICAL WARNING: [Constraints 18-11] Could not find net or pin 'CLK_500' [E:/Courses/FPGA/LabEEfin/rhythmMaster/freDiv.ucf:9]
Finished Parsing UCF File [E:/Courses/FPGA/LabEEfin/rhythmMaster/freDiv.ucf]
INFO: [Designutils 20-20] Invalid constraints found, use command 'write_ucf -constraints invalid <file>' to save all the invalid constraints to a file
INFO: [Project 1-111] Unisim Transformation Summary:
No Unisim elements were transformed.

Phase 0 | Netlist Checksum: 52472a02
update_compile_order -fileset sim_1
startgroup
set_property package_pin A3 [get_ports speaker]
endgroup
save_constraints
exit
ERROR: [PlanAhead 12-106] *** Exception: ui.h.b: Found deleted key in HTclEventBroker. Verify if the classes listed here call cleanup()
HTclEvent: DEBUG_PORT_CONFIG_CHANGE   Classes: ui.views.aR 
HTclEvent: SIGNAL_BUS_MODIFY   Classes: ui.views.aR 
HTclEvent: DEBUG_CORE_CONFIG_CHANGE   Classes: ui.views.aR 
HTclEvent: SIGNAL_MODIFY   Classes: ui.views.aR 
 (See E:/Courses/FPGA/LabEEfin/rhythmMaster\planAhead_pid8680.debug)
ERROR: [Common 17-39] 'stop_gui' failed due to earlier errors.
INFO: [Common 17-206] Exiting PlanAhead at Sun Apr 03 23:26:37 2016...
INFO: [Common 17-83] Releasing license: PlanAhead
