Release 14.7 - xst P.20131013 (nt64)
Copyright (c) 1995-2013 Xilinx, Inc.  All rights reserved.
--> Parameter TMPDIR set to xst/projnav.tmp


Total REAL time to Xst completion: 0.00 secs
Total CPU time to Xst completion: 0.08 secs
 
--> Parameter xsthdpdir set to xst


Total REAL time to Xst completion: 0.00 secs
Total CPU time to Xst completion: 0.09 secs
 
--> Reading design: freDiv.prj

TABLE OF CONTENTS
  1) Synthesis Options Summary
  2) HDL Compilation
  3) Design Hierarchy Analysis
  4) HDL Analysis
  5) HDL Synthesis
     5.1) HDL Synthesis Report
  6) Advanced HDL Synthesis
     6.1) Advanced HDL Synthesis Report
  7) Low Level Synthesis
  8) Partition Report
  9) Final Report
	9.1) Device utilization summary
	9.2) Partition Resource Summary
	9.3) TIMING REPORT


=========================================================================
*                      Synthesis Options Summary                        *
=========================================================================
---- Source Parameters
Input File Name                    : "freDiv.prj"
Input Format                       : mixed
Ignore Synthesis Constraint File   : NO

---- Target Parameters
Output File Name                   : "freDiv"
Output Format                      : NGC
Target Device                      : xc3s100e-5-cp132

---- Source Options
Top Module Name                    : freDiv
Automatic FSM Extraction           : YES
FSM Encoding Algorithm             : Auto
Safe Implementation                : No
FSM Style                          : LUT
RAM Extraction                     : Yes
RAM Style                          : Auto
ROM Extraction                     : Yes
Mux Style                          : Auto
Decoder Extraction                 : YES
Priority Encoder Extraction        : Yes
Shift Register Extraction          : YES
Logical Shifter Extraction         : YES
XOR Collapsing                     : YES
ROM Style                          : Auto
Mux Extraction                     : Yes
Resource Sharing                   : YES
Asynchronous To Synchronous        : NO
Multiplier Style                   : Auto
Automatic Register Balancing       : No

---- Target Options
Add IO Buffers                     : YES
Global Maximum Fanout              : 100000
Add Generic Clock Buffer(BUFG)     : 24
Register Duplication               : YES
Slice Packing                      : YES
Optimize Instantiated Primitives   : NO
Use Clock Enable                   : Yes
Use Synchronous Set                : Yes
Use Synchronous Reset              : Yes
Pack IO Registers into IOBs        : Auto
Equivalent register Removal        : YES

---- General Options
Optimization Goal                  : Speed
Optimization Effort                : 1
Keep Hierarchy                     : No
Netlist Hierarchy                  : As_Optimized
RTL Output                         : Yes
Global Optimization                : AllClockNets
Read Cores                         : YES
Write Timing Constraints           : NO
Cross Clock Analysis               : NO
Hierarchy Separator                : /
Bus Delimiter                      : <>
Case Specifier                     : Maintain
Slice Utilization Ratio            : 100
BRAM Utilization Ratio             : 100
Verilog 2001                       : YES
Auto BRAM Packing                  : NO
Slice Utilization Ratio Delta      : 5

=========================================================================


=========================================================================
*                          HDL Compilation                              *
=========================================================================
Compiling verilog file "freDiv.v" in library work
Module <freDiv> compiled
No errors in compilation
Analysis of file <"freDiv.prj"> succeeded.
 

=========================================================================
*                     Design Hierarchy Analysis                         *
=========================================================================
Analyzing hierarchy for module <freDiv> in library <work>.


=========================================================================
*                            HDL Analysis                               *
=========================================================================
Analyzing top module <freDiv>.
Module <freDiv> is correct for synthesis.
 

=========================================================================
*                           HDL Synthesis                               *
=========================================================================

Performing bidirectional port resolution...

Synthesizing Unit <freDiv>.
    Related source file is "freDiv.v".
    Found 1-bit register for signal <CLK_05>.
    Found 1-bit register for signal <CLK_1>.
    Found 1-bit register for signal <CLK_5>.
    Found 1-bit register for signal <CLK_50>.
    Found 1-bit register for signal <CLK_500>.
    Found 1-bit register for signal <CLK_5M>.
    Found 4-bit up counter for signal <cnt1>.
    Found 17-bit up counter for signal <cnt2>.
    Found 20-bit up counter for signal <cnt3>.
    Found 24-bit up counter for signal <cnt4>.
    Found 26-bit up counter for signal <cnt5>.
    Found 28-bit up counter for signal <cnt6>.
    Summary:
	inferred   6 Counter(s).
	inferred   6 D-type flip-flop(s).
Unit <freDiv> synthesized.


=========================================================================
HDL Synthesis Report

Macro Statistics
# Counters                                             : 6
 17-bit up counter                                     : 1
 20-bit up counter                                     : 1
 24-bit up counter                                     : 1
 26-bit up counter                                     : 1
 28-bit up counter                                     : 1
 4-bit up counter                                      : 1
# Registers                                            : 6
 1-bit register                                        : 6

=========================================================================

=========================================================================
*                       Advanced HDL Synthesis                          *
=========================================================================


=========================================================================
Advanced HDL Synthesis Report

Macro Statistics
# Counters                                             : 6
 17-bit up counter                                     : 1
 20-bit up counter                                     : 1
 24-bit up counter                                     : 1
 26-bit up counter                                     : 1
 28-bit up counter                                     : 1
 4-bit up counter                                      : 1
# Registers                                            : 6
 Flip-Flops                                            : 6

=========================================================================

=========================================================================
*                         Low Level Synthesis                           *
=========================================================================

Optimizing unit <freDiv> ...

Mapping all equations...
Building and optimizing final netlist ...
Found area constraint ratio of 100 (+ 5) on block freDiv, actual ratio is 8.

Final Macro Processing ...

=========================================================================
Final Register Report

Macro Statistics
# Registers                                            : 125
 Flip-Flops                                            : 125

=========================================================================

=========================================================================
*                           Partition Report                            *
=========================================================================

Partition Implementation Status
-------------------------------

  No Partitions were found in this design.

-------------------------------

=========================================================================
*                            Final Report                               *
=========================================================================
Final Results
RTL Top Level Output File Name     : freDiv.ngr
Top Level Output File Name         : freDiv
Output Format                      : NGC
Optimization Goal                  : Speed
Keep Hierarchy                     : No

Design Statistics
# IOs                              : 7

Cell Usage :
# BELS                             : 413
#      GND                         : 1
#      INV                         : 12
#      LUT1                        : 111
#      LUT2                        : 2
#      LUT3                        : 1
#      LUT4                        : 30
#      MUXCY                       : 140
#      VCC                         : 1
#      XORCY                       : 115
# FlipFlops/Latches                : 125
#      FDE                         : 6
#      FDR                         : 119
# Clock Buffers                    : 1
#      BUFGP                       : 1
# IO Buffers                       : 6
#      OBUF                        : 6
=========================================================================

Device utilization summary:
---------------------------

Selected Device : 3s100ecp132-5 

 Number of Slices:                       81  out of    960     8%  
 Number of Slice Flip Flops:            125  out of   1920     6%  
 Number of 4 input LUTs:                156  out of   1920     8%  
 Number of IOs:                           7
 Number of bonded IOBs:                   7  out of     83     8%  
 Number of GCLKs:                         1  out of     24     4%  

---------------------------
Partition Resource Summary:
---------------------------

  No Partitions were found in this design.

---------------------------


=========================================================================
TIMING REPORT

NOTE: THESE TIMING NUMBERS ARE ONLY A SYNTHESIS ESTIMATE.
      FOR ACCURATE TIMING INFORMATION PLEASE REFER TO THE TRACE REPORT
      GENERATED AFTER PLACE-and-ROUTE.

Clock Information:
------------------
-----------------------------------+------------------------+-------+
Clock Signal                       | Clock buffer(FF name)  | Load  |
-----------------------------------+------------------------+-------+
CLK_50M                            | BUFGP                  | 125   |
-----------------------------------+------------------------+-------+

Asynchronous Control Signals Information:
----------------------------------------
No asynchronous control signals found in this design

Timing Summary:
---------------
Speed Grade: -5

   Minimum period: 4.475ns (Maximum Frequency: 223.462MHz)
   Minimum input arrival time before clock: No path found
   Maximum output required time after clock: 4.063ns
   Maximum combinational path delay: No path found

Timing Detail:
--------------
All values displayed in nanoseconds (ns)

=========================================================================
Timing constraint: Default period analysis for Clock 'CLK_50M'
  Clock period: 4.475ns (frequency: 223.462MHz)
  Total number of paths / destination ports: 4296 / 250
-------------------------------------------------------------------------
Delay:               4.475ns (Levels of Logic = 8)
  Source:            cnt6_8 (FF)
  Destination:       cnt6_0 (FF)
  Source Clock:      CLK_50M rising
  Destination Clock: CLK_50M rising

  Data Path: cnt6_8 to cnt6_0
                                Gate     Net
    Cell:in->out      fanout   Delay   Delay  Logical Name (Net Name)
    ----------------------------------------  ------------
     FDR:C->Q              2   0.514   0.532  cnt6_8 (cnt6_8)
     LUT4:I0->O            1   0.612   0.000  cnt6_cmp_eq0000_wg_lut<0> (cnt6_cmp_eq0000_wg_lut<0>)
     MUXCY:S->O            1   0.404   0.000  cnt6_cmp_eq0000_wg_cy<0> (cnt6_cmp_eq0000_wg_cy<0>)
     MUXCY:CI->O           1   0.052   0.000  cnt6_cmp_eq0000_wg_cy<1> (cnt6_cmp_eq0000_wg_cy<1>)
     MUXCY:CI->O           1   0.052   0.000  cnt6_cmp_eq0000_wg_cy<2> (cnt6_cmp_eq0000_wg_cy<2>)
     MUXCY:CI->O           1   0.052   0.000  cnt6_cmp_eq0000_wg_cy<3> (cnt6_cmp_eq0000_wg_cy<3>)
     MUXCY:CI->O           1   0.052   0.000  cnt6_cmp_eq0000_wg_cy<4> (cnt6_cmp_eq0000_wg_cy<4>)
     MUXCY:CI->O           1   0.052   0.000  cnt6_cmp_eq0000_wg_cy<5> (cnt6_cmp_eq0000_wg_cy<5>)
     MUXCY:CI->O          29   0.289   1.072  cnt6_cmp_eq0000_wg_cy<6> (cnt6_cmp_eq0000)
     FDR:R                     0.795          cnt6_0
    ----------------------------------------
    Total                      4.475ns (2.871ns logic, 1.604ns route)
                                       (64.2% logic, 35.8% route)

=========================================================================
Timing constraint: Default OFFSET OUT AFTER for Clock 'CLK_50M'
  Total number of paths / destination ports: 6 / 6
-------------------------------------------------------------------------
Offset:              4.063ns (Levels of Logic = 1)
  Source:            CLK_05 (FF)
  Destination:       CLK_05 (PAD)
  Source Clock:      CLK_50M rising

  Data Path: CLK_05 to CLK_05
                                Gate     Net
    Cell:in->out      fanout   Delay   Delay  Logical Name (Net Name)
    ----------------------------------------  ------------
     FDE:C->Q              2   0.514   0.380  CLK_05 (CLK_05_OBUF)
     OBUF:I->O                 3.169          CLK_05_OBUF (CLK_05)
    ----------------------------------------
    Total                      4.063ns (3.683ns logic, 0.380ns route)
                                       (90.6% logic, 9.4% route)

=========================================================================


Total REAL time to Xst completion: 4.00 secs
Total CPU time to Xst completion: 4.57 secs
 
--> 

Total memory usage is 306736 kilobytes

Number of errors   :    0 (   0 filtered)
Number of warnings :    0 (   0 filtered)
Number of infos    :    0 (   0 filtered)

